[debug] [2021-03-17T10:56:23.789Z] ----------------------------------------------------------------------
[debug] [2021-03-17T10:56:23.791Z] Command:       C:\Program Files\nodejs\node.exe C:\Users\erray\AppData\Roaming\npm\node_modules\firebase-tools\lib\bin\firebase.js init hosting
[debug] [2021-03-17T10:56:23.791Z] CLI Version:   9.6.1
[debug] [2021-03-17T10:56:23.791Z] Platform:      win32
[debug] [2021-03-17T10:56:23.791Z] Node Version:  v14.15.0
[debug] [2021-03-17T10:56:23.792Z] Time:          Wed Mar 17 2021 05:56:23 GMT-0500 (Central Daylight Time)
[debug] [2021-03-17T10:56:23.792Z] ----------------------------------------------------------------------
[debug] [2021-03-17T10:56:23.792Z] 
[debug] [2021-03-17T10:56:23.795Z] >>> [apiv2][query] GET https://firebase-public.firebaseio.com/cli.json [none]
[debug] [2021-03-17T10:56:23.817Z] > command requires scopes: ["email","openid","https://www.googleapis.com/auth/cloudplatformprojects.readonly","https://www.googleapis.com/auth/firebase","https://www.googleapis.com/auth/cloud-platform"]
[debug] [2021-03-17T10:56:23.818Z] > authorizing via signed-in user
[info] 
     ######## #### ########  ######## ########     ###     ######  ########
     ##        ##  ##     ## ##       ##     ##  ##   ##  ##       ##
     ######    ##  ########  ######   ########  #########  ######  ######
     ##        ##  ##    ##  ##       ##     ## ##     ##       ## ##
     ##       #### ##     ## ######## ########  ##     ##  ######  ########

You're about to initialize a Firebase project in this directory:

  C:\Users\erray\Desktop\React\keeper

Before we get started, keep in mind:

  * You are initializing in an existing Firebase project directory

[debug] [2021-03-17T10:56:24.125Z] <<< [apiv2][status] GET https://firebase-public.firebaseio.com/cli.json 200
[debug] [2021-03-17T10:56:24.126Z] <<< [apiv2][body] GET https://firebase-public.firebaseio.com/cli.json {"cloudBuildErrorAfter":1594252800000,"cloudBuildWarnAfter":1590019200000,"defaultNode10After":1594252800000,"minVersion":"3.0.5","node8DeploysDisabledAfter":1613390400000,"node8RuntimeDisabledAfter":1615809600000,"node8WarnAfter":1600128000000}
[info] 
=== Project Setup
[info] 
[info] First, let's associate this project directory with a Firebase project.
[info] You can create multiple project aliases by running firebase use --add, 
[info] but for now we'll just set up a default project.
[info] 
[info] i  .firebaserc already has a default project, using keeper-2de7a. 
[debug] [2021-03-17T10:56:27.590Z] > refreshing access token with scopes: []
[debug] [2021-03-17T10:56:27.591Z] >>> HTTP REQUEST POST https://www.googleapis.com/oauth2/v3/token  
 <request body omitted>
[debug] [2021-03-17T10:56:27.735Z] <<< HTTP RESPONSE 200 {"cache-control":"no-cache, no-store, max-age=0, must-revalidate","date":"Wed, 17 Mar 2021 10:56:28 GMT","pragma":"no-cache","expires":"Mon, 01 Jan 1990 00:00:00 GMT","content-type":"application/json; charset=utf-8","vary":"X-Origin, Referer, Origin,Accept-Encoding","server":"scaffolding on HTTPServer2","x-xss-protection":"0","x-frame-options":"SAMEORIGIN","x-content-type-options":"nosniff","alt-svc":"h3-29=\":443\"; ma=2592000,h3-T051=\":443\"; ma=2592000,h3-Q050=\":443\"; ma=2592000,h3-Q046=\":443\"; ma=2592000,h3-Q043=\":443\"; ma=2592000,quic=\":443\"; ma=2592000; v=\"46,43\"","accept-ranges":"none","transfer-encoding":"chunked"}
[debug] [2021-03-17T10:56:27.741Z] >>> [apiv2][query] GET https://firebase.googleapis.com/v1beta1/projects/keeper-2de7a [none]
[debug] [2021-03-17T10:56:28.085Z] <<< [apiv2][status] GET https://firebase.googleapis.com/v1beta1/projects/keeper-2de7a 200
[debug] [2021-03-17T10:56:28.085Z] <<< [apiv2][body] GET https://firebase.googleapis.com/v1beta1/projects/keeper-2de7a {"projectId":"keeper-2de7a","projectNumber":"285902265326","displayName":"Keeper","name":"projects/keeper-2de7a","resources":{"hostingSite":"keeper-2de7a","realtimeDatabaseInstance":"keeper-2de7a-default-rtdb","storageBucket":"keeper-2de7a.appspot.com","locationId":"us-central"},"state":"ACTIVE"}
[info] 
=== Hosting Setup
[info] 
[info] Your public directory is the folder (relative to your project directory) that
[info] will contain Hosting assets to be uploaded with firebase deploy. If you
[info] have a build process for your assets, use your build's output directory.
[info] 
